2016-07-09T15:24:06+03:00 ALERT (1): Somebody has tried to open door
2016-07-09T15:24:23+03:00 INFO (6): Door # has been opened
2016-07-09T15:25:19+03:00 INFO (6): Door # has been opened
2016-07-09T15:25:34+03:00 INFO (6): Door # has been opened
2016-07-09T15:28:18+03:00 INFO (6): Door # has been opened
2016-07-09T15:29:08+03:00 INFO (6): Door # has been opened
2016-07-09T15:29:39+03:00 INFO (6): Door # has been opened
2016-07-09T15:29:47+03:00 INFO (6): Door # has been opened
2016-07-09T15:30:28+03:00 ALERT (1): Somebody has tried to open door
2016-07-09T15:30:39+03:00 ALERT (1): Somebody has tried to open door
2016-07-09T15:31:08+03:00 INFO (6): Door # has been opened
2016-07-09T15:31:32+03:00 INFO (6): Door # has been opened
2016-07-09T15:31:55+03:00 INFO (6): Door # has been opened
2016-07-09T15:31:59+03:00 ALERT (1): Somebody has tried to open door
2016-07-09T15:32:19+03:00 INFO (6): Door #2 has been opened
2016-07-09T15:32:48+03:00 INFO (6): Door #2 has been opened
2016-07-09T15:54:27+03:00 INFO (6): Door #2 has been opened by user #
2016-07-09T15:54:42+03:00 INFO (6): Door #2 has been opened by user #
2016-07-09T15:55:13+03:00 INFO (6): Door #2 has been opened by user #3
2016-07-09T15:57:26+03:00 INFO (6): Door #2 has been opened by user #3
